  pointer.cpp
c:\users\dsm2016\source\repos\pointer\pointer\pointer.cpp(18): error C2679: 이항 '=': 오른쪽 피연산자로 'initializer list' 형식을 사용하는 연산자가 없거나 허용되는 변환이 없습니다.
  c:\users\dsm2016\source\repos\pointer\pointer\pointer.cpp(14): note: 'main::StudentInfo &main::StudentInfo::operator =(main::StudentInfo &&)'일 수 있습니다.
  c:\users\dsm2016\source\repos\pointer\pointer\pointer.cpp(14): note: 또는       'main::StudentInfo &main::StudentInfo::operator =(const main::StudentInfo &)'
  c:\users\dsm2016\source\repos\pointer\pointer\pointer.cpp(18): note: 인수 목록 '(main::StudentInfo, initializer list)'을(를) 일치시키는 동안
c:\users\dsm2016\source\repos\pointer\pointer\pointer.cpp(19): error C2679: 이항 '=': 오른쪽 피연산자로 'initializer list' 형식을 사용하는 연산자가 없거나 허용되는 변환이 없습니다.
  c:\users\dsm2016\source\repos\pointer\pointer\pointer.cpp(14): note: 'main::StudentInfo &main::StudentInfo::operator =(main::StudentInfo &&)'일 수 있습니다.
  c:\users\dsm2016\source\repos\pointer\pointer\pointer.cpp(14): note: 또는       'main::StudentInfo &main::StudentInfo::operator =(const main::StudentInfo &)'
  c:\users\dsm2016\source\repos\pointer\pointer\pointer.cpp(19): note: 인수 목록 '(main::StudentInfo, initializer list)'을(를) 일치시키는 동안
c:\users\dsm2016\source\repos\pointer\pointer\pointer.cpp(20): error C2679: 이항 '=': 오른쪽 피연산자로 'initializer list' 형식을 사용하는 연산자가 없거나 허용되는 변환이 없습니다.
  c:\users\dsm2016\source\repos\pointer\pointer\pointer.cpp(14): note: 'main::StudentInfo &main::StudentInfo::operator =(main::StudentInfo &&)'일 수 있습니다.
  c:\users\dsm2016\source\repos\pointer\pointer\pointer.cpp(14): note: 또는       'main::StudentInfo &main::StudentInfo::operator =(const main::StudentInfo &)'
  c:\users\dsm2016\source\repos\pointer\pointer\pointer.cpp(20): note: 인수 목록 '(main::StudentInfo, initializer list)'을(를) 일치시키는 동안
c:\users\dsm2016\source\repos\pointer\pointer\pointer.cpp(21): error C2679: 이항 '=': 오른쪽 피연산자로 'initializer list' 형식을 사용하는 연산자가 없거나 허용되는 변환이 없습니다.
  c:\users\dsm2016\source\repos\pointer\pointer\pointer.cpp(14): note: 'main::StudentInfo &main::StudentInfo::operator =(main::StudentInfo &&)'일 수 있습니다.
  c:\users\dsm2016\source\repos\pointer\pointer\pointer.cpp(14): note: 또는       'main::StudentInfo &main::StudentInfo::operator =(const main::StudentInfo &)'
  c:\users\dsm2016\source\repos\pointer\pointer\pointer.cpp(21): note: 인수 목록 '(main::StudentInfo, initializer list)'을(를) 일치시키는 동안
c:\users\dsm2016\source\repos\pointer\pointer\pointer.cpp(22): error C2679: 이항 '=': 오른쪽 피연산자로 'initializer list' 형식을 사용하는 연산자가 없거나 허용되는 변환이 없습니다.
  c:\users\dsm2016\source\repos\pointer\pointer\pointer.cpp(14): note: 'main::StudentInfo &main::StudentInfo::operator =(main::StudentInfo &&)'일 수 있습니다.
  c:\users\dsm2016\source\repos\pointer\pointer\pointer.cpp(14): note: 또는       'main::StudentInfo &main::StudentInfo::operator =(const main::StudentInfo &)'
  c:\users\dsm2016\source\repos\pointer\pointer\pointer.cpp(22): note: 인수 목록 '(main::StudentInfo, initializer list)'을(를) 일치시키는 동안
